{"C:\\Users\\joine\\Desktop\\dojo-jest\\codeBroker.js": {"path":"C:\\Users\\joine\\Desktop\\dojo-jest\\codeBroker.js","statementMap":{"0":{"start":{"line":1,"column":15},"end":{"line":1,"column":21}},"1":{"start":{"line":4,"column":15},"end":{"line":4,"column":17}},"2":{"start":{"line":5,"column":10},"end":{"line":5,"column":24}},"3":{"start":{"line":6,"column":2},"end":{"line":14,"column":3}},"4":{"start":{"line":6,"column":15},"end":{"line":6,"column":16}},"5":{"start":{"line":7,"column":4},"end":{"line":12,"column":3}},"6":{"start":{"line":8,"column":6},"end":{"line":8,"column":28}},"7":{"start":{"line":9,"column":10},"end":{"line":12,"column":3}},"8":{"start":{"line":11,"column":4},"end":{"line":11,"column":26}},"9":{"start":{"line":15,"column":2},"end":{"line":15,"column":16}},"10":{"start":{"line":18,"column":0},"end":{"line":18,"column":29}}},"fnMap":{"0":{"name":"broke","decl":{"start":{"line":3,"column":9},"end":{"line":3,"column":14}},"loc":{"start":{"line":3,"column":19},"end":{"line":16,"column":1}},"line":3}},"branchMap":{"0":{"loc":{"start":{"line":7,"column":4},"end":{"line":12,"column":3}},"type":"if","locations":[{"start":{"line":7,"column":4},"end":{"line":12,"column":3}},{"start":{"line":7,"column":4},"end":{"line":12,"column":3}}],"line":7},"1":{"loc":{"start":{"line":9,"column":10},"end":{"line":12,"column":3}},"type":"if","locations":[{"start":{"line":9,"column":10},"end":{"line":12,"column":3}},{"start":{"line":9,"column":10},"end":{"line":12,"column":3}}],"line":9},"2":{"loc":{"start":{"line":9,"column":13},"end":{"line":10,"column":41}},"type":"binary-expr","locations":[{"start":{"line":9,"column":13},"end":{"line":9,"column":45}},{"start":{"line":10,"column":8},"end":{"line":10,"column":41}}],"line":9}},"s":{"0":1,"1":8,"2":8,"3":8,"4":8,"5":32,"6":10,"7":22,"8":6,"9":8,"10":1},"f":{"0":8},"b":{"0":[10,22],"1":[6,16],"2":[22,22]},"_coverageSchema":"1a1c01bbd47fc00a2c39e90264f33305004495a9","hash":"1e090c84bac2f515d24b7b4725e6a95013db4f62"}
}
